<?xml version="1.0" encoding="UTF-8"?>
<testsuite xmlns:xsi="http://www.w3.org/2001/XMLSchema-instance" xsi:noNamespaceSchemaLocation="https://maven.apache.org/surefire/maven-surefire-plugin/xsd/surefire-test-report-3.0.xsd" version="3.0" name="LinearAlgebraEngineTest" time="0.028" tests="4" errors="1" skipped="0" failures="0">
  <properties>
[...]
</properties>
  <testcase name="testTransposeAndNegate" classname="LinearAlgebraEngineTest" time="0.017">
    <error message="The worker is not ready" type="java.lang.IllegalStateException"><![CDATA[java.lang.IllegalStateException: The worker is not ready
	at scheduling.TiredThread.newTask(TiredThread.java:61)
	at scheduling.TiredExecutor.submit(TiredExecutor.java:38)
	at scheduling.TiredExecutor.submitAll(TiredExecutor.java:47)
	at spl.lae.LinearAlgebraEngine.loadAndCompute(LinearAlgebraEngine.java:64)
	at spl.lae.LinearAlgebraEngine.run(LinearAlgebraEngine.java:27)
	at LinearAlgebraEngineTest.testTransposeAndNegate(LinearAlgebraEngineTest.java:80)
	at java.base/java.lang.reflect.Method.invoke(Method.java:565)
	at java.base/java.util.ArrayList.forEach(ArrayList.java:1604)
	at java.base/java.util.ArrayList.forEach(ArrayList.java:1604)
]]></error>
  </testcase>
  <testcase name="testSimpleAddition" classname="LinearAlgebraEngineTest" time="0.002"/>
  <testcase name="testDeepTreeResolution" classname="LinearAlgebraEngineTest" time="0.003"/>
  <testcase name="testAssociativeNestingEdgeCase" classname="LinearAlgebraEngineTest" time="0.003"/>
</testsuite>